<?xml version="1.0" encoding="UTF-8"?>
<!-- Generated by org.testng.reporters.JUnitReportReporter -->
<testsuite skipped="0" hostname="LAPTOP-K6546IAP" name="TC5_GET_Request_ValidatingJSONResponse" tests="1" failures="0" timestamp="2019-11-25T13:04:04 CET" time="1.689" errors="0">
  <testcase name="getWeatherDetails" time="1.689" classname="TC5_GET_Request_ValidatingJSONResponse"/>
</testsuite> <!-- TC5_GET_Request_ValidatingJSONResponse -->
