<?xml version="1.0" encoding="UTF-8"?>
<!-- Generated by org.testng.reporters.JUnitReportReporter -->
<testsuite skipped="0" hostname="LAPTOP-K6546IAP" name="TC2_POST_Request" tests="1" failures="0" timestamp="2019-11-12T13:56:41 CET" time="2.082" errors="0">
  <testcase name="RegistrationSuccessful" time="2.082" classname="TC2_POST_Request"/>
</testsuite> <!-- TC2_POST_Request -->
