<?xml version="1.0" encoding="UTF-8"?>
<!-- Generated by org.testng.reporters.JUnitReportReporter -->
<testsuite skipped="0" hostname="LAPTOP-K6546IAP" name="TC4_GET_Request" tests="1" failures="0" timestamp="2019-11-22T16:26:40 CET" time="1.601" errors="0">
  <testcase name="getWeatherDetails" time="1.601" classname="TC4_GET_Request"/>
</testsuite> <!-- TC4_GET_Request -->
