<?xml version="1.0" encoding="UTF-8"?>
<!-- Generated by org.testng.reporters.JUnitReportReporter -->
<testsuite skipped="0" hostname="LAPTOP-K6546IAP" name="TC3_GET_Request" tests="1" failures="0" timestamp="2019-11-22T16:11:22 CET" time="1.503" errors="0">
  <testcase name="googleMapTest" time="1.503" classname="TC3_GET_Request"/>
</testsuite> <!-- TC3_GET_Request -->
