<?xml version="1.0" encoding="UTF-8"?>
<!-- Generated by org.testng.reporters.JUnitReportReporter -->
<testsuite skipped="0" hostname="LAPTOP-K6546IAP" name="TC1_GET_Request" tests="1" failures="0" timestamp="2019-11-11T19:31:25 CET" time="1.612" errors="0">
  <testcase name="getweatherDetails" time="1.612" classname="TC1_GET_Request"/>
</testsuite> <!-- TC1_GET_Request -->
