<?xml version="1.0" encoding="UTF-8"?>
<!-- Generated by org.testng.reporters.JUnitReportReporter -->
<testsuite skipped="0" hostname="LAPTOP-K6546IAP" name="datadriventesting.DataDrivenTest_AddUser" tests="3" failures="0" timestamp="2019-11-27T18:31:21 CET" time="2.117" errors="0">
  <testcase name="postNewUser" time="0.266" classname="datadriventesting.DataDrivenTest_AddUser"/>
  <testcase name="postNewUser" time="0.272" classname="datadriventesting.DataDrivenTest_AddUser"/>
  <testcase name="postNewUser" time="1.579" classname="datadriventesting.DataDrivenTest_AddUser"/>
</testsuite> <!-- datadriventesting.DataDrivenTest_AddUser -->
