<?xml version="1.0" encoding="UTF-8"?>
<!-- Generated by org.testng.reporters.JUnitReportReporter -->
<testsuite skipped="0" hostname="LAPTOP-K6546IAP" name="TC7_GET_Request_Authorization" tests="1" failures="0" timestamp="2019-11-27T17:18:11 CET" time="1.636" errors="0">
  <testcase name="AuthorizationTest" time="1.636" classname="TC7_GET_Request_Authorization"/>
</testsuite> <!-- TC7_GET_Request_Authorization -->
